[2025-02-16 18:15:21] core/App.php ->Controlador como archivo no encontrado: soporteProveedor
[2025-02-16 18:15:21] core/App.php ->Controlador como archivo no encontrado: favicon.ico
[2025-02-16 18:26:54] core/App.php ->Controlador como archivo no encontrado: soporteProveedor
[2025-02-16 18:28:47] core/App.php ->Controlador como archivo no encontrado: soporteProveedor
[2025-02-16 18:50:22] core/App.php ->Controlador en subcarpeta no encontrado: MiPerfil
[2025-02-16 19:01:06] core/App.php ->Controlador como archivo no encontrado: niceports,
[2025-03-05 05:52:01] core/App.php ->Controlador como archivo no encontrado: assets
[2025-03-05 05:53:48] core/App.php ->Controlador como archivo no encontrado: assets
[2025-03-05 06:33:12] core/App.php ->Controlador como archivo no encontrado: assets
[2025-03-05 07:03:11] core/App.php ->Controlador como archivo no encontrado: assets
[2025-03-05 07:20:26] core/App.php ->Controlador como archivo no encontrado: assets
[2025-03-05 07:39:43] core/App.php ->Controlador como archivo no encontrado: assets
[2025-03-05 07:42:08] core/App.php ->Controlador como archivo no encontrado: assets
[2025-03-05 07:55:26] La ruta base temporal de documentos no es v치lida o no existe: D:\xampp\htdocs\EQX-PortalProveedores_V2\app\globals\controllers/../../../Documentos/TEMP
[2025-03-05 08:02:03] La ruta base temporal de documentos no es v치lida o no existe: D:\xampp\htdocs\EQX-PortalProveedores_V2\app\globals\controllers/../../../Documentos/TEMP
[2025-03-05 08:03:00] core/App.php ->Controlador como archivo no encontrado: assets
[2025-03-05 08:03:06] La ruta base temporal de documentos no es v치lida o no existe: D:\xampp\htdocs\EQX-PortalProveedores_V2\app\globals\controllers/../../../Documentos/TEMP
[2025-03-05 08:04:22] La ruta base temporal de documentos no es v치lida o no existe: D:\xampp\htdocs\EQX-PortalProveedores_V2\app\globals\controllers/../../../Documentos/TEMP
[2025-03-05 08:10:54] core/App.php ->Controlador como archivo no encontrado: assets
[2025-03-05 08:31:28] core/App.php ->Controlador como archivo no encontrado: assets
